{"C:\\Users\\neste\\OneDrive\\Attachments\\Desktop\\Testing-with-Jest\\first tests\\cloneArray.js": {"path":"C:\\Users\\neste\\OneDrive\\Attachments\\Desktop\\Testing-with-Jest\\first tests\\cloneArray.js","statementMap":{"0":{"start":{"line":2,"column":4},"end":{"line":2,"column":21}},"1":{"start":{"line":6,"column":0},"end":{"line":6,"column":28}}},"fnMap":{"0":{"name":"cloneArray","decl":{"start":{"line":1,"column":9},"end":{"line":1,"column":19}},"loc":{"start":{"line":1,"column":27},"end":{"line":3,"column":1}},"line":1}},"branchMap":{},"s":{"0":2,"1":1},"f":{"0":2},"b":{},"_coverageSchema":"1a1c01bbd47fc00a2c39e90264f33305004495a9","hash":"c25b5dfc90a1c50c96c0e69c7ff9150b31686f4d"}
,"C:\\Users\\neste\\OneDrive\\Attachments\\Desktop\\Testing-with-Jest\\first tests\\subtract.js": {"path":"C:\\Users\\neste\\OneDrive\\Attachments\\Desktop\\Testing-with-Jest\\first tests\\subtract.js","statementMap":{"0":{"start":{"line":2,"column":4},"end":{"line":2,"column":16}},"1":{"start":{"line":5,"column":0},"end":{"line":5,"column":26}}},"fnMap":{"0":{"name":"subtract","decl":{"start":{"line":1,"column":9},"end":{"line":1,"column":17}},"loc":{"start":{"line":1,"column":24},"end":{"line":3,"column":1}},"line":1}},"branchMap":{},"s":{"0":1,"1":1},"f":{"0":1},"b":{},"_coverageSchema":"1a1c01bbd47fc00a2c39e90264f33305004495a9","hash":"d4b2bfa5613dcbff3cf51cfb503e85121e5bbaba"}
,"C:\\Users\\neste\\OneDrive\\Attachments\\Desktop\\Testing-with-Jest\\first tests\\sum.js": {"path":"C:\\Users\\neste\\OneDrive\\Attachments\\Desktop\\Testing-with-Jest\\first tests\\sum.js","statementMap":{"0":{"start":{"line":2,"column":4},"end":{"line":2,"column":17}},"1":{"start":{"line":5,"column":0},"end":{"line":5,"column":21}}},"fnMap":{"0":{"name":"sum","decl":{"start":{"line":1,"column":9},"end":{"line":1,"column":12}},"loc":{"start":{"line":1,"column":19},"end":{"line":3,"column":1}},"line":1}},"branchMap":{},"s":{"0":1,"1":1},"f":{"0":1},"b":{},"_coverageSchema":"1a1c01bbd47fc00a2c39e90264f33305004495a9","hash":"f8c32ec24183fce4b0964791a4fb1914ceffd626"}
}
